c:\neumont\q4\gamelibrary\gamelib\ncgame\engine\x64\debug\vc141.pdb
c:\neumont\q4\gamelibrary\gamelib\ncgame\engine\x64\debug\vc141.idb
c:\neumont\q4\gamelibrary\gamelib\ncgame\engine\x64\debug\statemachine.obj
c:\neumont\q4\gamelibrary\gamelib\ncgame\engine\x64\debug\state.obj
c:\neumont\q4\gamelibrary\gamelib\ncgame\engine\x64\debug\spritecomponent.obj
c:\neumont\q4\gamelibrary\gamelib\ncgame\engine\x64\debug\scene.obj
c:\neumont\q4\gamelibrary\gamelib\ncgame\engine\x64\debug\physics.obj
c:\neumont\q4\gamelibrary\gamelib\ncgame\engine\x64\debug\object.obj
c:\neumont\q4\gamelibrary\gamelib\ncgame\engine\x64\debug\kinematiccomponent.obj
c:\neumont\q4\gamelibrary\gamelib\ncgame\engine\x64\debug\inputmanager.obj
c:\neumont\q4\gamelibrary\gamelib\ncgame\engine\x64\debug\id.obj
c:\neumont\q4\gamelibrary\gamelib\ncgame\engine\x64\debug\filesystem.obj
c:\neumont\q4\gamelibrary\gamelib\ncgame\engine\x64\debug\eventmanager.obj
c:\neumont\q4\gamelibrary\gamelib\ncgame\engine\x64\debug\entity.obj
c:\neumont\q4\gamelibrary\gamelib\ncgame\engine\x64\debug\engine.obj
c:\neumont\q4\gamelibrary\gamelib\ncgame\engine\x64\debug\debugdraw.obj
c:\neumont\q4\gamelibrary\gamelib\ncgame\engine\x64\debug\controllercomponent.obj
c:\neumont\q4\gamelibrary\gamelib\ncgame\engine\x64\debug\color.obj
c:\neumont\q4\gamelibrary\gamelib\ncgame\engine\x64\debug\audiosystem.obj
c:\neumont\q4\gamelibrary\gamelib\ncgame\engine\x64\debug\animationcomponent.obj
c:\neumont\q4\gamelibrary\gamelib\ncgame\engine\x64\debug\aabbcomponent.obj
c:\neumont\q4\gamelibrary\gamelib\ncgame\engine\x64\debug\aabb.obj
c:\neumont\q4\gamelibrary\gamelib\ncgame\engine\x64\debug\vector3d.obj
c:\neumont\q4\gamelibrary\gamelib\ncgame\engine\x64\debug\vector2d.obj
c:\neumont\q4\gamelibrary\gamelib\ncgame\engine\x64\debug\timer.obj
c:\neumont\q4\gamelibrary\gamelib\ncgame\engine\x64\debug\texturemanager.obj
c:\neumont\q4\gamelibrary\gamelib\ncgame\engine\x64\debug\textmanager.obj
c:\neumont\q4\gamelibrary\gamelib\ncgame\engine\x64\debug\text.obj
c:\neumont\q4\gamelibrary\gamelib\ncgame\engine\x64\debug\renderer.obj
c:\neumont\q4\gamelibrary\gamelib\ncgame\engine\x64\debug\matrix33.obj
c:\neumont\q4\gamelibrary\gamelib\ncgame\engine\x64\debug\matrix22.obj
c:\neumont\q4\gamelibrary\gamelib\ncgame\engine\x64\debug\_math.obj
c:\neumont\q4\gamelibrary\gamelib\ncgame\engine\x64\debug\waypointcomponent.obj
c:\neumont\q4\gamelibrary\gamelib\ncgame\engine\x64\debug\waypoint.obj
c:\neumont\q4\gamelibrary\gamelib\ncgame\engine\x64\debug\transformcontroller.obj
c:\neumont\q4\gamelibrary\gamelib\ncgame\engine\x64\debug\transform.obj
c:\neumont\q4\gamelibrary\gamelib\ncgame\engine\x64\debug\texture.obj
c:\neumont\q4\gamelibrary\gamelib\ncgame\engine\x64\debug\textcomponent.obj
c:\neumont\q4\gamelibrary\gamelib\ncgame\x64\debug\engine.lib
c:\neumont\q4\gamelibrary\gamelib\ncgame\x64\debug\engine.exp
c:\neumont\q4\gamelibrary\gamelib\ncgame\x64\debug\engine.ilk
c:\neumont\q4\gamelibrary\gamelib\ncgame\x64\debug\engine.dll
c:\neumont\q4\gamelibrary\gamelib\ncgame\x64\debug\engine.pdb
c:\neumont\q4\gamelibrary\gamelib\ncgame\engine\x64\debug\engine.tlog\cl.command.1.tlog
c:\neumont\q4\gamelibrary\gamelib\ncgame\engine\x64\debug\engine.tlog\cl.read.1.tlog
c:\neumont\q4\gamelibrary\gamelib\ncgame\engine\x64\debug\engine.tlog\cl.write.1.tlog
c:\neumont\q4\gamelibrary\gamelib\ncgame\engine\x64\debug\engine.tlog\engine.write.1u.tlog
c:\neumont\q4\gamelibrary\gamelib\ncgame\engine\x64\debug\engine.tlog\link.command.1.tlog
c:\neumont\q4\gamelibrary\gamelib\ncgame\engine\x64\debug\engine.tlog\link.read.1.tlog
c:\neumont\q4\gamelibrary\gamelib\ncgame\engine\x64\debug\engine.tlog\link.write.1.tlog
